[github.com/flipped-aurora/gin-vue-admin/server]2022/01/05 - 10:10:36.201	[34minfo[0m	/Users/mac/GolandProjects/gin-vue-admin/server/initialize/router.go:31	use middleware logger
[github.com/flipped-aurora/gin-vue-admin/server]2022/01/05 - 10:10:36.201	[34minfo[0m	/Users/mac/GolandProjects/gin-vue-admin/server/initialize/router.go:35	use middleware cors
[github.com/flipped-aurora/gin-vue-admin/server]2022/01/05 - 10:10:36.202	[34minfo[0m	/Users/mac/GolandProjects/gin-vue-admin/server/initialize/router.go:37	register swagger handler
[github.com/flipped-aurora/gin-vue-admin/server]2022/01/05 - 10:10:36.202	[34minfo[0m	/Users/mac/GolandProjects/gin-vue-admin/server/initialize/router.go:82	router register success
[github.com/flipped-aurora/gin-vue-admin/server]2022/01/05 - 10:10:36.202	[34minfo[0m	/Users/mac/GolandProjects/gin-vue-admin/server/core/server.go:37	server run success on 	{"address": ":8888"}
[github.com/flipped-aurora/gin-vue-admin/server]2022/01/05 - 10:13:09.415	[34minfo[0m	/Users/mac/GolandProjects/gin-vue-admin/server/api/v1/system/sys_initdb.go:53	å‰å¾€åˆå§‹åŒ–æ•°æ®åº“
[github.com/flipped-aurora/gin-vue-admin/server]2022/01/17 - 10:27:07.751	[34minfo[0m	/Users/mac/GolandProjects/gin-vue-admin/server/initialize/gorm.go:59	register table success
[github.com/flipped-aurora/gin-vue-admin/server]2022/01/17 - 10:27:07.793	[34minfo[0m	/Users/mac/GolandProjects/gin-vue-admin/server/initialize/router.go:31	use middleware logger
[github.com/flipped-aurora/gin-vue-admin/server]2022/01/17 - 10:27:07.793	[34minfo[0m	/Users/mac/GolandProjects/gin-vue-admin/server/initialize/router.go:35	use middleware cors
[github.com/flipped-aurora/gin-vue-admin/server]2022/01/17 - 10:27:07.793	[34minfo[0m	/Users/mac/GolandProjects/gin-vue-admin/server/initialize/router.go:37	register swagger handler
[github.com/flipped-aurora/gin-vue-admin/server]2022/01/17 - 10:27:07.813	[34minfo[0m	/Users/mac/GolandProjects/gin-vue-admin/server/initialize/router.go:82	router register success
[github.com/flipped-aurora/gin-vue-admin/server]2022/01/17 - 10:27:07.814	[34minfo[0m	/Users/mac/GolandProjects/gin-vue-admin/server/core/server.go:37	server run success on 	{"address": ":8888"}
[github.com/flipped-aurora/gin-vue-admin/server]2022/01/17 - 19:39:02.670	[34minfo[0m	/Users/mac/GolandProjects/gin-vue-admin/server/initialize/gorm.go:59	register table success
[github.com/flipped-aurora/gin-vue-admin/server]2022/01/17 - 19:39:02.702	[34minfo[0m	/Users/mac/GolandProjects/gin-vue-admin/server/initialize/router.go:31	use middleware logger
[github.com/flipped-aurora/gin-vue-admin/server]2022/01/17 - 19:39:02.702	[34minfo[0m	/Users/mac/GolandProjects/gin-vue-admin/server/initialize/router.go:35	use middleware cors
[github.com/flipped-aurora/gin-vue-admin/server]2022/01/17 - 19:39:02.805	[34minfo[0m	/Users/mac/GolandProjects/gin-vue-admin/server/initialize/router.go:37	register swagger handler
[github.com/flipped-aurora/gin-vue-admin/server]2022/01/17 - 19:39:02.999	[34minfo[0m	/Users/mac/GolandProjects/gin-vue-admin/server/initialize/router.go:82	router register success
[github.com/flipped-aurora/gin-vue-admin/server]2022/01/17 - 19:39:02.999	[34minfo[0m	/Users/mac/GolandProjects/gin-vue-admin/server/core/server.go:37	server run success on 	{"address": ":8888"}
[github.com/flipped-aurora/gin-vue-admin/server]2022/01/18 - 09:53:56.354	[34minfo[0m	/Users/mac/GolandProjects/gin-vue-admin/server/initialize/gorm.go:59	register table success
[github.com/flipped-aurora/gin-vue-admin/server]2022/01/18 - 09:53:56.474	[34minfo[0m	/Users/mac/GolandProjects/gin-vue-admin/server/initialize/router.go:31	use middleware logger
[github.com/flipped-aurora/gin-vue-admin/server]2022/01/18 - 09:53:56.474	[34minfo[0m	/Users/mac/GolandProjects/gin-vue-admin/server/initialize/router.go:35	use middleware cors
[github.com/flipped-aurora/gin-vue-admin/server]2022/01/18 - 09:53:56.474	[34minfo[0m	/Users/mac/GolandProjects/gin-vue-admin/server/initialize/router.go:37	register swagger handler
[github.com/flipped-aurora/gin-vue-admin/server]2022/01/18 - 09:53:56.522	[34minfo[0m	/Users/mac/GolandProjects/gin-vue-admin/server/initialize/router.go:82	router register success
[github.com/flipped-aurora/gin-vue-admin/server]2022/01/18 - 09:53:56.522	[34minfo[0m	/Users/mac/GolandProjects/gin-vue-admin/server/core/server.go:37	server run success on 	{"address": ":8888"}
[github.com/flipped-aurora/gin-vue-admin/server]2022/01/18 - 09:54:59.089	[34minfo[0m	/Users/mac/GolandProjects/gin-vue-admin/server/initialize/gorm.go:59	register table success
[github.com/flipped-aurora/gin-vue-admin/server]2022/01/18 - 09:54:59.175	[34minfo[0m	/Users/mac/GolandProjects/gin-vue-admin/server/initialize/router.go:31	use middleware logger
[github.com/flipped-aurora/gin-vue-admin/server]2022/01/18 - 09:54:59.176	[34minfo[0m	/Users/mac/GolandProjects/gin-vue-admin/server/initialize/router.go:35	use middleware cors
[github.com/flipped-aurora/gin-vue-admin/server]2022/01/18 - 09:54:59.176	[34minfo[0m	/Users/mac/GolandProjects/gin-vue-admin/server/initialize/router.go:37	register swagger handler
[github.com/flipped-aurora/gin-vue-admin/server]2022/01/18 - 09:54:59.181	[34minfo[0m	/Users/mac/GolandProjects/gin-vue-admin/server/initialize/router.go:82	router register success
[github.com/flipped-aurora/gin-vue-admin/server]2022/01/18 - 09:54:59.181	[34minfo[0m	/Users/mac/GolandProjects/gin-vue-admin/server/core/server.go:37	server run success on 	{"address": ":8888"}
